#
# There is insufficient memory for the Java Runtime Environment to continue.
# Native memory allocation (malloc) failed to allocate 262160 bytes for Chunk::new
# Possible reasons:
#   The system is out of physical RAM or swap space
#   The process is running with CompressedOops enabled, and the Java Heap may be blocking the growth of the native heap
# Possible solutions:
#   Reduce memory load on the system
#   Increase physical memory or swap space
#   Check if swap backing store is full
#   Decrease Java heap size (-Xmx/-Xms)
#   Decrease number of Java threads
#   Decrease Java thread stack sizes (-Xss)
#   Set larger code cache with -XX:ReservedCodeCacheSize=
#   JVM is running with Unscaled Compressed Oops mode in which the Java heap is
#     placed in the first 4GB address space. The Java Heap base address is the
#     maximum limit for the native heap growth. Please use -XX:HeapBaseMinAddress
#     to set the Java Heap base and to place the Java Heap above 4GB virtual address.
# This output file may be truncated or incomplete.
#
#  Out of Memory Error (allocation.cpp:389), pid=34964, tid=0x0000000000005ac0
#
# JRE version: OpenJDK Runtime Environment (8.0_202-b03) (build 1.8.0_202-release-1483-b03)
# Java VM: OpenJDK 64-Bit Server VM (25.202-b03 mixed mode windows-amd64 compressed oops)
# Failed to write core dump. Minidumps are not enabled by default on client versions of Windows
#

---------------  T H R E A D  ---------------

Current thread (0x00000000186ed800):  JavaThread "C2 CompilerThread2" daemon [_thread_in_native, id=23232, stack(0x0000000019050000,0x0000000019150000)]

Stack: [0x0000000019050000,0x0000000019150000]
[error occurred during error reporting (printing stack bounds), id 0xc0000005]

Native frames: (J=compiled Java code, j=interpreted, Vv=VM code, C=native code)


Current CompileTask:
C2: 460847 13304   !   4       java.beans.PropertyDescriptor::findPropertyType (188 bytes)


---------------  P R O C E S S  ---------------

Java Threads: ( => current thread )
  0x000000001ed9a800 JavaThread "Cache worker for Build Output Cleanup Cache (E:\AndroidStudioProject\practice\Simplysalary\Simplysalary\.gradle\buildOutputCleanup)" [_thread_blocked, id=8416, stack(0x00000000246a0000,0x00000000247a0000)]
  0x000000001ed99800 JavaThread "pool-5-thread-1" [_thread_blocked, id=20396, stack(0x0000000024150000,0x0000000024250000)]
  0x000000001ed99000 JavaThread "Build operations Thread 8" [_thread_blocked, id=22672, stack(0x0000000023540000,0x0000000023640000)]
  0x000000001ed9f800 JavaThread "Build operations Thread 7" [_thread_blocked, id=32048, stack(0x0000000021e00000,0x0000000021f00000)]
  0x000000001ed98000 JavaThread "Build operations Thread 6" [_thread_blocked, id=16816, stack(0x0000000021d00000,0x0000000021e00000)]
  0x000000001ed9d800 JavaThread "Build operations Thread 5" [_thread_blocked, id=30556, stack(0x0000000021c00000,0x0000000021d00000)]
  0x000000001ed9f000 JavaThread "Build operations Thread 4" [_thread_blocked, id=26460, stack(0x0000000021b00000,0x0000000021c00000)]
  0x000000001ed91800 JavaThread "Build operations Thread 3" [_thread_blocked, id=28084, stack(0x0000000021a00000,0x0000000021b00000)]
  0x000000001ed90800 JavaThread "Build operations Thread 2" [_thread_blocked, id=33940, stack(0x0000000021900000,0x0000000021a00000)]
  0x000000001ed96000 JavaThread "Build operations" [_thread_blocked, id=32436, stack(0x0000000021800000,0x0000000021900000)]
  0x000000001ed97800 JavaThread "Cache worker for cache directory md-rule (C:\Users\try\.gradle\caches\5.4.1\md-rule)" [_thread_blocked, id=34468, stack(0x0000000021700000,0x0000000021800000)]
  0x000000001ed93000 JavaThread "Cache worker for cache directory md-supplier (C:\Users\try\.gradle\caches\5.4.1\md-supplier)" [_thread_blocked, id=31776, stack(0x0000000021600000,0x0000000021700000)]
  0x000000001ed95000 JavaThread "Cache worker for file hash cache (E:\AndroidStudioProject\practice\Simplysalary\Simplysalary\.gradle\5.4.1\fileHashes)" [_thread_blocked, id=35464, stack(0x000000001f740000,0x000000001f840000)]
  0x000000001ed94800 JavaThread "Thread-89" [_thread_blocked, id=4776, stack(0x000000001f640000,0x000000001f740000)]
  0x0000000019e37000 JavaThread "Stdin handler" [_thread_blocked, id=24580, stack(0x000000001f540000,0x000000001f640000)]
  0x0000000019e39000 JavaThread "Asynchronous log dispatcher for DefaultDaemonConnection: socket connection from /127.0.0.1:57571 to /127.0.0.1:57940" [_thread_blocked, id=21452, stack(0x000000001f440000,0x000000001f540000)]
  0x0000000019e36000 JavaThread "Cancel handler" [_thread_blocked, id=2980, stack(0x000000001b6d0000,0x000000001b7d0000)]
  0x0000000019e3a800 JavaThread "Handler for socket connection from /127.0.0.1:57571 to /127.0.0.1:57940" [_thread_in_native, id=19492, stack(0x000000001b1d0000,0x000000001b2d0000)]
  0x0000000022e35800 JavaThread "Daemon worker Thread 2" [_thread_in_vm, id=18584, stack(0x000000001b7d0000,0x000000001b8d0000)]
  0x0000000022e2e000 JavaThread "Daemon Thread 2" [_thread_blocked, id=32944, stack(0x0000000000930000,0x0000000000a30000)]
  0x000000001ed9e000 JavaThread "Memory manager" [_thread_blocked, id=22268, stack(0x0000000023840000,0x0000000023940000)]
  0x000000001ed92000 JavaThread "Cache worker for execution history cache (C:\Users\try\.gradle\caches\5.4.1\executionHistory)" [_thread_blocked, id=33208, stack(0x00000000210e0000,0x00000000211e0000)]
  0x0000000019e35800 JavaThread "Cache worker for journal cache (C:\Users\try\.gradle\caches\journal-1)" [_thread_blocked, id=33824, stack(0x000000001bdd0000,0x000000001bed0000)]
  0x0000000019e3c000 JavaThread "File lock request listener" [_thread_in_native, id=34928, stack(0x000000001bcd0000,0x000000001bdd0000)]
  0x0000000019e3a000 JavaThread "Cache worker for file hash cache (C:\Users\try\.gradle\caches\5.4.1\fileHashes)" [_thread_blocked, id=34036, stack(0x000000001bbd0000,0x000000001bcd0000)]
  0x000000001a48e800 JavaThread "Daemon periodic checks" [_thread_blocked, id=9920, stack(0x000000001b0d0000,0x000000001b1d0000)]
  0x00000000187e4800 JavaThread "Incoming local TCP Connector on port 57571" [_thread_in_native, id=9332, stack(0x000000001af20000,0x000000001b020000)]
  0x000000001a615000 JavaThread "Daemon health stats" [_thread_blocked, id=35308, stack(0x000000001ac20000,0x000000001ad20000)]
  0x000000001877f800 JavaThread "Service Thread" daemon [_thread_blocked, id=32360, stack(0x0000000019250000,0x0000000019350000)]
  0x00000000186f1000 JavaThread "C1 CompilerThread3" daemon [_thread_blocked, id=23780, stack(0x0000000019150000,0x0000000019250000)]
=>0x00000000186ed800 JavaThread "C2 CompilerThread2" daemon [_thread_in_native, id=23232, stack(0x0000000019050000,0x0000000019150000)]
  0x00000000186e0800 JavaThread "C2 CompilerThread1" daemon [_thread_blocked, id=33988, stack(0x0000000018f50000,0x0000000019050000)]
  0x00000000186df000 JavaThread "C2 CompilerThread0" daemon [_thread_blocked, id=32844, stack(0x0000000018e50000,0x0000000018f50000)]
  0x00000000186dd000 JavaThread "Attach Listener" daemon [_thread_blocked, id=10556, stack(0x0000000018d50000,0x0000000018e50000)]
  0x000000001868b000 JavaThread "Signal Dispatcher" daemon [_thread_blocked, id=11196, stack(0x0000000018c50000,0x0000000018d50000)]
  0x0000000002abe000 JavaThread "Finalizer" daemon [_thread_blocked, id=20520, stack(0x0000000018b50000,0x0000000018c50000)]
  0x000000001687c800 JavaThread "Reference Handler" daemon [_thread_blocked, id=23148, stack(0x0000000018a50000,0x0000000018b50000)]
  0x00000000028be000 JavaThread "main" [_thread_blocked, id=2612, stack(0x00000000028c0000,0x00000000029c0000)]

Other Threads:
  0x0000000016878800 VMThread [stack: 0x0000000018550000,0x0000000018650000] [id=33828]
  0x0000000018781000 WatcherThread [stack: 0x0000000019350000,0x0000000019450000] [id=34376]

VM state:not at safepoint (normal execution)

VM Mutex/Monitor currently owned by a thread: None

heap address: 0x00000000a0000000, size: 1536 MB, Compressed Oops mode: 32-bit
Narrow klass base: 0x0000000000000000, Narrow klass shift: 3
Compressed class space size: 1073741824 Address: 0x0000000100000000

Heap:
 PSYoungGen      total 276480K, used 178968K [0x00000000e0000000, 0x00000000f4000000, 0x0000000100000000)
  eden space 244224K, 73% used [0x00000000e0000000,0x00000000eaec6010,0x00000000eee80000)
  from space 32256K, 0% used [0x00000000eee80000,0x00000000eee80000,0x00000000f0e00000)
  to   space 31232K, 0% used [0x00000000f2180000,0x00000000f2180000,0x00000000f4000000)
 ParOldGen       total 209408K, used 70782K [0x00000000a0000000, 0x00000000acc80000, 0x00000000e0000000)
  object space 209408K, 33% used [0x00000000a0000000,0x00000000a451fa58,0x00000000acc80000)
 Metaspace       used 102478K, capacity 106748K, committed 106968K, reserved 1142784K
  class space    used 13097K, capacity 14038K, committed 14080K, reserved 1048576K

Card table byte_map: [0x0000000011e80000,0x0000000012190000] byte_map_base: 0x0000000011980000

Marking Bits: (ParMarkBitMap*) 0x0000000063759f30
 Begin Bits: [0x0000000012b90000, 0x0000000014390000)
 End Bits:   [0x0000000014390000, 0x0000000015b90000)

Polling page: 0x00000000003f0000

CodeCache: size=245760Kb used=38017Kb max_used=38028Kb free=207743Kb
 bounds [0x0000000002ac0000, 0x0000000005020000, 0x0000000011ac0000]
 total_blobs=12031 nmethods=11162 adapters=781
 compilation: enabled

Compilation events (10 events):
Event: 460.742 Thread 0x00000000186f1000 13300       3       sun.reflect.generics.tree.VoidDescriptor::accept (8 bytes)
Event: 460.743 Thread 0x00000000186df000 nmethod 13299 0x0000000005011750 code [0x00000000050118a0, 0x00000000050119b8]
Event: 460.743 Thread 0x00000000186f1000 nmethod 13300 0x0000000005014210 code [0x0000000005014380, 0x0000000005014650]
Event: 460.743 Thread 0x00000000186f1000 13301       3       sun.reflect.generics.visitor.Reifier::visitVoidDescriptor (14 bytes)
Event: 460.743 Thread 0x00000000186f1000 nmethod 13301 0x0000000005013d50 code [0x0000000005013ec0, 0x00000000050140f0]
Event: 460.743 Thread 0x00000000186f1000 13302       3       sun.reflect.generics.factory.CoreReflectionFactory::makeVoid (4 bytes)
Event: 460.744 Thread 0x00000000186f1000 nmethod 13302 0x0000000005007dd0 code [0x0000000005007f20, 0x0000000005008070]
Event: 460.765 Thread 0x00000000186e0800 13303       4       sun.reflect.generics.repository.MethodRepository::getReturnType (41 bytes)
Event: 460.769 Thread 0x00000000186e0800 nmethod 13303 0x0000000005012410 code [0x0000000005012560, 0x00000000050126d8]
Event: 460.784 Thread 0x00000000186ed800 13304   !   4       java.beans.PropertyDescriptor::findPropertyType (188 bytes)

GC Heap History (10 events):
Event: 97.761 GC heap before
{Heap before GC invocations=17 (full 3):
 PSYoungGen      total 213504K, used 213487K [0x00000000e0000000, 0x00000000f0800000, 0x0000000100000000)
  eden space 194560K, 100% used [0x00000000e0000000,0x00000000ebe00000,0x00000000ebe00000)
  from space 18944K, 99% used [0x00000000ebe00000,0x00000000ed07bc20,0x00000000ed080000)
  to   space 23040K, 0% used [0x00000000ef180000,0x00000000ef180000,0x00000000f0800000)
 ParOldGen       total 135168K, used 42718K [0x00000000a0000000, 0x00000000a8400000, 0x00000000e0000000)
  object space 135168K, 31% used [0x00000000a0000000,0x00000000a29b7a48,0x00000000a8400000)
 Metaspace       used 84343K, capacity 87758K, committed 87896K, reserved 1124352K
  class space    used 11266K, capacity 12078K, committed 12160K, reserved 1048576K
Event: 97.839 GC heap after
Heap after GC invocations=17 (full 3):
 PSYoungGen      total 245248K, used 18821K [0x00000000e0000000, 0x00000000f0900000, 0x0000000100000000)
  eden space 222208K, 0% used [0x00000000e0000000,0x00000000e0000000,0x00000000ed900000)
  from space 23040K, 81% used [0x00000000ef180000,0x00000000f03e14f0,0x00000000f0800000)
  to   space 24576K, 0% used [0x00000000ed900000,0x00000000ed900000,0x00000000ef100000)
 ParOldGen       total 135168K, used 52617K [0x00000000a0000000, 0x00000000a8400000, 0x00000000e0000000)
  object space 135168K, 38% used [0x00000000a0000000,0x00000000a33627e0,0x00000000a8400000)
 Metaspace       used 84343K, capacity 87758K, committed 87896K, reserved 1124352K
  class space    used 11266K, capacity 12078K, committed 12160K, reserved 1048576K
}
Event: 158.053 GC heap before
{Heap before GC invocations=18 (full 3):
 PSYoungGen      total 245248K, used 241029K [0x00000000e0000000, 0x00000000f0900000, 0x0000000100000000)
  eden space 222208K, 100% used [0x00000000e0000000,0x00000000ed900000,0x00000000ed900000)
  from space 23040K, 81% used [0x00000000ef180000,0x00000000f03e14f0,0x00000000f0800000)
  to   space 24576K, 0% used [0x00000000ed900000,0x00000000ed900000,0x00000000ef100000)
 ParOldGen       total 135168K, used 52617K [0x00000000a0000000, 0x00000000a8400000, 0x00000000e0000000)
  object space 135168K, 38% used [0x00000000a0000000,0x00000000a33627e0,0x00000000a8400000)
 Metaspace       used 88976K, capacity 92628K, committed 92888K, reserved 1130496K
  class space    used 11695K, capacity 12518K, committed 12544K, reserved 1048576K
Event: 158.147 GC heap after
Heap after GC invocations=18 (full 3):
 PSYoungGen      total 246784K, used 24549K [0x00000000e0000000, 0x00000000f2980000, 0x0000000100000000)
  eden space 222208K, 0% used [0x00000000e0000000,0x00000000e0000000,0x00000000ed900000)
  from space 24576K, 99% used [0x00000000ed900000,0x00000000ef0f95e8,0x00000000ef100000)
  to   space 28160K, 0% used [0x00000000f0e00000,0x00000000f0e00000,0x00000000f2980000)
 ParOldGen       total 135168K, used 52982K [0x00000000a0000000, 0x00000000a8400000, 0x00000000e0000000)
  object space 135168K, 39% used [0x00000000a0000000,0x00000000a33bd9c8,0x00000000a8400000)
 Metaspace       used 88976K, capacity 92628K, committed 92888K, reserved 1130496K
  class space    used 11695K, capacity 12518K, committed 12544K, reserved 1048576K
}
Event: 162.036 GC heap before
{Heap before GC invocations=19 (full 3):
 PSYoungGen      total 246784K, used 246757K [0x00000000e0000000, 0x00000000f2980000, 0x0000000100000000)
  eden space 222208K, 100% used [0x00000000e0000000,0x00000000ed900000,0x00000000ed900000)
  from space 24576K, 99% used [0x00000000ed900000,0x00000000ef0f95e8,0x00000000ef100000)
  to   space 28160K, 0% used [0x00000000f0e00000,0x00000000f0e00000,0x00000000f2980000)
 ParOldGen       total 135168K, used 52982K [0x00000000a0000000, 0x00000000a8400000, 0x00000000e0000000)
  object space 135168K, 39% used [0x00000000a0000000,0x00000000a33bd9c8,0x00000000a8400000)
 Metaspace       used 89363K, capacity 93058K, committed 93272K, reserved 1130496K
  class space    used 11732K, capacity 12565K, committed 12672K, reserved 1048576K
Event: 162.115 GC heap after
Heap after GC invocations=19 (full 3):
 PSYoungGen      total 272384K, used 27097K [0x00000000e0000000, 0x00000000f3980000, 0x0000000100000000)
  eden space 244224K, 0% used [0x00000000e0000000,0x00000000e0000000,0x00000000eee80000)
  from space 28160K, 96% used [0x00000000f0e00000,0x00000000f2876550,0x00000000f2980000)
  to   space 32256K, 0% used [0x00000000eee80000,0x00000000eee80000,0x00000000f0e00000)
 ParOldGen       total 135168K, used 71399K [0x00000000a0000000, 0x00000000a8400000, 0x00000000e0000000)
  object space 135168K, 52% used [0x00000000a0000000,0x00000000a45b9f18,0x00000000a8400000)
 Metaspace       used 89363K, capacity 93058K, committed 93272K, reserved 1130496K
  class space    used 11732K, capacity 12565K, committed 12672K, reserved 1048576K
}
Event: 168.536 GC heap before
{Heap before GC invocations=20 (full 3):
 PSYoungGen      total 272384K, used 191558K [0x00000000e0000000, 0x00000000f3980000, 0x0000000100000000)
  eden space 244224K, 67% used [0x00000000e0000000,0x00000000ea09b400,0x00000000eee80000)
  from space 28160K, 96% used [0x00000000f0e00000,0x00000000f2876550,0x00000000f2980000)
  to   space 32256K, 0% used [0x00000000eee80000,0x00000000eee80000,0x00000000f0e00000)
 ParOldGen       total 135168K, used 71399K [0x00000000a0000000, 0x00000000a8400000, 0x00000000e0000000)
  object space 135168K, 52% used [0x00000000a0000000,0x00000000a45b9f18,0x00000000a8400000)
 Metaspace       used 94264K, capacity 98276K, committed 98380K, reserved 1134592K
  class space    used 12183K, capacity 13056K, committed 13056K, reserved 1048576K
Event: 168.549 GC heap after
Heap after GC invocations=20 (full 3):
 PSYoungGen      total 276480K, used 7567K [0x00000000e0000000, 0x00000000f4000000, 0x0000000100000000)
  eden space 244224K, 0% used [0x00000000e0000000,0x00000000e0000000,0x00000000eee80000)
  from space 32256K, 23% used [0x00000000eee80000,0x00000000ef5e3da8,0x00000000f0e00000)
  to   space 31232K, 0% used [0x00000000f2180000,0x00000000f2180000,0x00000000f4000000)
 ParOldGen       total 135168K, used 71407K [0x00000000a0000000, 0x00000000a8400000, 0x00000000e0000000)
  object space 135168K, 52% used [0x00000000a0000000,0x00000000a45bbf18,0x00000000a8400000)
 Metaspace       used 94264K, capacity 98276K, committed 98380K, reserved 1134592K
  class space    used 12183K, capacity 13056K, committed 13056K, reserved 1048576K
}
Event: 168.549 GC heap before
{Heap before GC invocations=21 (full 4):
 PSYoungGen      total 276480K, used 7567K [0x00000000e0000000, 0x00000000f4000000, 0x0000000100000000)
  eden space 244224K, 0% used [0x00000000e0000000,0x00000000e0000000,0x00000000eee80000)
  from space 32256K, 23% used [0x00000000eee80000,0x00000000ef5e3da8,0x00000000f0e00000)
  to   space 31232K, 0% used [0x00000000f2180000,0x00000000f2180000,0x00000000f4000000)
 ParOldGen       total 135168K, used 71407K [0x00000000a0000000, 0x00000000a8400000, 0x00000000e0000000)
  object space 135168K, 52% used [0x00000000a0000000,0x00000000a45bbf18,0x00000000a8400000)
 Metaspace       used 94264K, capacity 98276K, committed 98380K, reserved 1134592K
  class space    used 12183K, capacity 13056K, committed 13056K, reserved 1048576K
Event: 169.413 GC heap after
Heap after GC invocations=21 (full 4):
 PSYoungGen      total 276480K, used 0K [0x00000000e0000000, 0x00000000f4000000, 0x0000000100000000)
  eden space 244224K, 0% used [0x00000000e0000000,0x00000000e0000000,0x00000000eee80000)
  from space 32256K, 0% used [0x00000000eee80000,0x00000000eee80000,0x00000000f0e00000)
  to   space 31232K, 0% used [0x00000000f2180000,0x00000000f2180000,0x00000000f4000000)
 ParOldGen       total 209408K, used 70782K [0x00000000a0000000, 0x00000000acc80000, 0x00000000e0000000)
  object space 209408K, 33% used [0x00000000a0000000,0x00000000a451fa58,0x00000000acc80000)
 Metaspace       used 94145K, capacity 97964K, committed 98380K, reserved 1134592K
  class space    used 12147K, capacity 13001K, committed 13056K, reserved 1048576K
}

Deoptimization events (10 events):
Event: 447.386 Thread 0x0000000022e35800 Uncommon trap: reason=null_check action=make_not_entrant pc=0x0000000004a81000 method=java.util.Formatter$FormatSpecifier.printString(Ljava/lang/Object;Ljava/util/Locale;)V @ 1
Event: 447.648 Thread 0x0000000022e35800 Uncommon trap: reason=class_check action=maybe_recompile pc=0x0000000003695f80 method=java.util.Collections$SynchronizedCollection.add(Ljava/lang/Object;)Z @ 12
Event: 454.459 Thread 0x0000000022e35800 Uncommon trap: reason=null_check action=make_not_entrant pc=0x00000000045a4644 method=java.util.Formatter$FormatSpecifier.printString(Ljava/lang/Object;Ljava/util/Locale;)V @ 1
Event: 458.509 Thread 0x0000000022e35800 Uncommon trap: reason=unstable_if action=reinterpret pc=0x0000000004f9da98 method=com.google.gson.stream.JsonReader.doPeek()I @ 315
Event: 460.249 Thread 0x0000000022e35800 Uncommon trap: reason=predicate action=maybe_recompile pc=0x0000000004fc5594 method=java.util.ComparableTimSort.binarySort([Ljava/lang/Object;III)V @ 37
Event: 460.297 Thread 0x0000000022e35800 Uncommon trap: reason=array_check action=maybe_recompile pc=0x0000000004fd02ac method=java.util.ComparableTimSort.binarySort([Ljava/lang/Object;III)V @ 183
Event: 460.307 Thread 0x0000000022e35800 Uncommon trap: reason=array_check action=maybe_recompile pc=0x0000000004fd02ac method=java.util.ComparableTimSort.binarySort([Ljava/lang/Object;III)V @ 183
Event: 460.319 Thread 0x0000000022e35800 Uncommon trap: reason=array_check action=maybe_recompile pc=0x0000000004fd0120 method=java.util.ComparableTimSort.binarySort([Ljava/lang/Object;III)V @ 215
Event: 460.330 Thread 0x0000000022e35800 Uncommon trap: reason=array_check action=maybe_recompile pc=0x0000000004fd01e4 method=java.util.ComparableTimSort.binarySort([Ljava/lang/Object;III)V @ 193
Event: 460.341 Thread 0x0000000022e35800 Uncommon trap: reason=array_check action=maybe_recompile pc=0x0000000004fd01e4 method=java.util.ComparableTimSort.binarySort([Ljava/lang/Object;III)V @ 193

Classes redefined (0 events):
No events

Internal exceptions (10 events):
Event: 460.735 Thread 0x0000000022e35800 Exception <a 'java/lang/ClassNotFoundException': com/android/build/gradle/BaseExtensionBeanInfo> (0x00000000eaaeed60) thrown at [D:\src\AOSP-openjdk-cygwin\jdk8u\hotspot\src\share\vm\classfile\systemDictionary.cpp, line 210]
Event: 460.738 Thread 0x0000000022e35800 Exception <a 'java/lang/ClassNotFoundException': com/android/build/gradle/BaseExtensionCustomizer> (0x00000000eab058e8) thrown at [D:\src\AOSP-openjdk-cygwin\jdk8u\hotspot\src\share\vm\classfile\systemDictionary.cpp, line 210]
Event: 460.757 Thread 0x0000000022e35800 Exception <a 'java/lang/ClassNotFoundException': com/android/build/gradle/TestedExtensionCustomizer> (0x00000000eab97348) thrown at [D:\src\AOSP-openjdk-cygwin\jdk8u\hotspot\src\share\vm\classfile\systemDictionary.cpp, line 210]
Event: 460.763 Thread 0x0000000022e35800 Exception <a 'java/lang/ClassNotFoundException': com/android/build/gradle/AppExtensionCustomizer> (0x00000000eabc9a38) thrown at [D:\src\AOSP-openjdk-cygwin\jdk8u\hotspot\src\share\vm\classfile\systemDictionary.cpp, line 210]
Event: 460.770 Thread 0x0000000022e35800 Exception <a 'java/lang/ClassNotFoundException': com/android/build/gradle/internal/dsl/BaseAppModuleExtensionCustomizer> (0x00000000eabfe088) thrown at [D:\src\AOSP-openjdk-cygwin\jdk8u\hotspot\src\share\vm\classfile\systemDictionary.cpp, line 210]
Event: 460.776 Thread 0x0000000022e35800 Exception <a 'java/lang/ClassNotFoundException': com/android/build/gradle/internal/dsl/BaseAppModuleExtension_DecoratedCustomizer> (0x00000000eac3a7a8) thrown at [D:\src\AOSP-openjdk-cygwin\jdk8u\hotspot\src\share\vm\classfile\systemDictionary.cpp, line 2
Event: 460.829 Thread 0x0000000022e35800 Exception <a 'java/lang/ClassNotFoundException': com/android/build/gradle/internal/dsl/DefaultConfig_DecoratedBeanInfo> (0x00000000ead8a960) thrown at [D:\src\AOSP-openjdk-cygwin\jdk8u\hotspot\src\share\vm\classfile\systemDictionary.cpp, line 210]
Event: 460.832 Thread 0x0000000022e35800 Exception <a 'java/lang/ClassNotFoundException': com/android/build/gradle/internal/dsl/DefaultConfigBeanInfo> (0x00000000eada7750) thrown at [D:\src\AOSP-openjdk-cygwin\jdk8u\hotspot\src\share\vm\classfile\systemDictionary.cpp, line 210]
Event: 460.834 Thread 0x0000000022e35800 Exception <a 'java/lang/ClassNotFoundException': com/android/build/gradle/internal/dsl/BaseFlavorBeanInfo> (0x00000000eadc1218) thrown at [D:\src\AOSP-openjdk-cygwin\jdk8u\hotspot\src\share\vm\classfile\systemDictionary.cpp, line 210]
Event: 460.837 Thread 0x0000000022e35800 Exception <a 'java/lang/ClassNotFoundException': com/android/builder/core/DefaultProductFlavorBeanInfo> (0x00000000eadda1b0) thrown at [D:\src\AOSP-openjdk-cygwin\jdk8u\hotspot\src\share\vm\classfile\systemDictionary.cpp, line 210]

Events (10 events):
Event: 460.832 loading class com/android/build/gradle/internal/dsl/BaseFlavorBeanInfo
Event: 460.832 loading class com/android/build/gradle/internal/dsl/BaseFlavorBeanInfo done
Event: 460.834 loading class com/android/build/gradle/internal/dsl/BaseFlavorBeanInfo
Event: 460.834 loading class com/android/build/gradle/internal/dsl/BaseFlavorBeanInfo done
Event: 460.834 loading class com/android/builder/core/DefaultProductFlavorBeanInfo
Event: 460.834 loading class com/android/builder/core/DefaultProductFlavorBeanInfo done
Event: 460.837 loading class com/android/builder/core/DefaultProductFlavorBeanInfo
Event: 460.837 loading class com/android/builder/core/DefaultProductFlavorBeanInfo done
Event: 460.837 loading class com/android/builder/core/DefaultProductFlavorCustomizer
Event: 460.837 loading class com/android/builder/core/DefaultProductFlavorCustomizer done


Dynamic libraries:
0x00007ff60b770000 - 0x00007ff60b7a1000 	D:\AndroidStudio\jre\bin\java.exe
0x00007ffac4440000 - 0x00007ffac4630000 	C:\WINDOWS\SYSTEM32\ntdll.dll
0x00007ffac2e20000 - 0x00007ffac2ed2000 	C:\WINDOWS\System32\KERNEL32.DLL
0x00007ffac2240000 - 0x00007ffac24e3000 	C:\WINDOWS\System32\KERNELBASE.dll
0x00007ffac31e0000 - 0x00007ffac3283000 	C:\WINDOWS\System32\ADVAPI32.dll
0x00007ffac3da0000 - 0x00007ffac3e3e000 	C:\WINDOWS\System32\msvcrt.dll
0x00007ffac2ad0000 - 0x00007ffac2b67000 	C:\WINDOWS\System32\sechost.dll
0x00007ffac3f80000 - 0x00007ffac40a0000 	C:\WINDOWS\System32\RPCRT4.dll
0x00007ffac4260000 - 0x00007ffac43f4000 	C:\WINDOWS\System32\USER32.dll
0x00007ffac2110000 - 0x00007ffac2131000 	C:\WINDOWS\System32\win32u.dll
0x00007ffac31b0000 - 0x00007ffac31d6000 	C:\WINDOWS\System32\GDI32.dll
0x00007ffac13d0000 - 0x00007ffac1564000 	C:\WINDOWS\System32\gdi32full.dll
0x00007ffac1720000 - 0x00007ffac17be000 	C:\WINDOWS\System32\msvcp_win.dll
0x00007ffac2140000 - 0x00007ffac223a000 	C:\WINDOWS\System32\ucrtbase.dll
0x00007ffaad600000 - 0x00007ffaad885000 	C:\WINDOWS\WinSxS\amd64_microsoft.windows.common-controls_6595b64144ccf1df_6.0.18362.657_none_e6c5b579130e3898\COMCTL32.dll
0x00007ffac3a60000 - 0x00007ffac3d96000 	C:\WINDOWS\System32\combase.dll
0x00007ffac17e0000 - 0x00007ffac1860000 	C:\WINDOWS\System32\bcryptPrimitives.dll
0x00007ffac3180000 - 0x00007ffac31ae000 	C:\WINDOWS\System32\IMM32.DLL
0x00000000640e0000 - 0x00000000641b2000 	D:\AndroidStudio\jre\jre\bin\msvcr100.dll
0x0000000062f90000 - 0x00000000637d6000 	D:\AndroidStudio\jre\jre\bin\server\jvm.dll
0x00007ffac3f70000 - 0x00007ffac3f78000 	C:\WINDOWS\System32\PSAPI.DLL
0x00007ffabc9b0000 - 0x00007ffabc9d4000 	C:\WINDOWS\SYSTEM32\WINMM.dll
0x00007ffabd590000 - 0x00007ffabd599000 	C:\WINDOWS\SYSTEM32\WSOCK32.dll
0x00007ffabc050000 - 0x00007ffabc05a000 	C:\WINDOWS\SYSTEM32\VERSION.dll
0x00007ffac39f0000 - 0x00007ffac3a5f000 	C:\WINDOWS\System32\WS2_32.dll
0x00007ffabc980000 - 0x00007ffabc9ad000 	C:\WINDOWS\SYSTEM32\winmmbase.dll
0x00007ffac2010000 - 0x00007ffac205a000 	C:\WINDOWS\System32\cfgmgr32.dll
0x00007ffabd4a0000 - 0x00007ffabd4af000 	D:\AndroidStudio\jre\jre\bin\verify.dll
0x00007ffabba00000 - 0x00007ffabba29000 	D:\AndroidStudio\jre\jre\bin\java.dll
0x00007ffabba70000 - 0x00007ffabba86000 	D:\AndroidStudio\jre\jre\bin\zip.dll
0x00007ffac3290000 - 0x00007ffac3975000 	C:\WINDOWS\System32\SHELL32.dll
0x00007ffac2550000 - 0x00007ffac25f9000 	C:\WINDOWS\System32\shcore.dll
0x00007ffac1890000 - 0x00007ffac200f000 	C:\WINDOWS\System32\windows.storage.dll
0x00007ffac1390000 - 0x00007ffac13af000 	C:\WINDOWS\System32\profapi.dll
0x00007ffac1340000 - 0x00007ffac138a000 	C:\WINDOWS\System32\powrprof.dll
0x00007ffac1310000 - 0x00007ffac1320000 	C:\WINDOWS\System32\UMPDC.dll
0x00007ffac2a70000 - 0x00007ffac2ac2000 	C:\WINDOWS\System32\shlwapi.dll
0x00007ffac13b0000 - 0x00007ffac13c1000 	C:\WINDOWS\System32\kernel.appcore.dll
0x00007ffac17c0000 - 0x00007ffac17d7000 	C:\WINDOWS\System32\cryptsp.dll
0x00007ffabb9e0000 - 0x00007ffabb9fa000 	D:\AndroidStudio\jre\jre\bin\net.dll
0x00007ffac0b80000 - 0x00007ffac0be7000 	C:\WINDOWS\system32\mswsock.dll
0x00007ffabb7e0000 - 0x00007ffabb7f1000 	D:\AndroidStudio\jre\jre\bin\nio.dll
0x00007ffaaf690000 - 0x00007ffaaf6b6000 	C:\Users\try\.gradle\native\29\windows-amd64\native-platform.dll
0x00007ffabcd00000 - 0x00007ffabcd0d000 	D:\AndroidStudio\jre\jre\bin\management.dll
0x00007ffac06f0000 - 0x00007ffac0723000 	C:\WINDOWS\system32\rsaenh.dll
0x00007ffac1860000 - 0x00007ffac1886000 	C:\WINDOWS\System32\bcrypt.dll
0x00007ffac1200000 - 0x00007ffac1225000 	C:\WINDOWS\SYSTEM32\USERENV.dll
0x00007ffac0d50000 - 0x00007ffac0d5c000 	C:\WINDOWS\SYSTEM32\CRYPTBASE.dll
0x00007ffac0890000 - 0x00007ffac08ca000 	C:\WINDOWS\SYSTEM32\IPHLPAPI.DLL
0x00007ffac4250000 - 0x00007ffac4258000 	C:\WINDOWS\System32\NSI.dll
0x00007ffab8ee0000 - 0x00007ffab8ef6000 	C:\WINDOWS\SYSTEM32\dhcpcsvc6.DLL
0x00007ffab91c0000 - 0x00007ffab91dc000 	C:\WINDOWS\SYSTEM32\dhcpcsvc.DLL
0x00007ffac08d0000 - 0x00007ffac099a000 	C:\WINDOWS\SYSTEM32\DNSAPI.dll
0x00007ffab34f0000 - 0x00007ffab3514000 	D:\AndroidStudio\jre\jre\bin\sunec.dll
0x00007ffab3dd0000 - 0x00007ffab3dda000 	C:\Windows\System32\rasadhlp.dll
0x00007ffab6df0000 - 0x00007ffab6e67000 	C:\WINDOWS\System32\fwpuclnt.dll
0x00007ffabd5b0000 - 0x00007ffabd5bb000 	D:\AndroidStudio\jre\jre\bin\sunmscapi.dll
0x00007ffac15d0000 - 0x00007ffac1719000 	C:\WINDOWS\System32\CRYPT32.dll
0x00007ffac1320000 - 0x00007ffac1332000 	C:\WINDOWS\System32\MSASN1.dll

VM Arguments:
jvm_args: -Xmx1536m -Dfile.encoding=GBK -Duser.country=CN -Duser.language=zh -Duser.variant 
java_command: org.gradle.launcher.daemon.bootstrap.GradleDaemon 5.4.1
java_class_path (initial): C:\Users\try\.gradle\wrapper\dists\gradle-5.4.1-all\3221gyojl5jsh0helicew7rwx\gradle-5.4.1\lib\gradle-launcher-5.4.1.jar
Launcher Type: SUN_STANDARD

Environment Variables:
JAVA_HOME=D:\AndroidStudio\jre
CLASSPATH=.;D:\AndroidStudio\jre\lib\dt.jar;D:\AndroidStudio\jre\lib\tools.jar
PATH=C:\Program Files (x86)\Common Files\Intel\Shared Libraries\redist\intel64\compiler;C:\Windows\system32;C:\Windows;C:\Windows\System32\Wbem;C:\Windows\System32\WindowsPowerShell\v1.0\;C:\Program Files (x86)\NVIDIA Corporation\PhysX\Common;C:\WINDOWS\system32;C:\WINDOWS;C:\WINDOWS\System32\Wbem;C:\WINDOWS\System32\WindowsPowerShell\v1.0\;C:\WINDOWS\System32\OpenSSH\;D:\AndroidStudio\jre\bin;D:\AndroidStudio\jre\lib;"E:\androidstudio\Sdk\platform-tools;%ANDROID_SDK_HOME\tools";D:\Git\Git\cmd;E:\soft\mysql\mysql-5.7.26\bin;D:\SoftWare\SVN\bin;D:\SoftWare\VisualSVN Server\bin;E:\androidstudio\Sdk\platform-tools;E:\androidstudio\Sdk\tools;;E:\androidstudio\Sdk\ndk-bundle;D:\SoftWare\VisualC++\Tools\WinNT;D:\SoftWare\VisualC++\MSDev98\Bin;D:\SoftWare\VisualC++\Tools;D:\SoftWare\VC98\bin;%USERPROFILE%\AppData\Local\Microsoft\WindowsApps;"%CATALINA_HOME%\lib;%CATALINA_HOME\bin";
USERNAME=try
OS=Windows_NT
PROCESSOR_IDENTIFIER=Intel64 Family 6 Model 142 Stepping 10, GenuineIntel



---------------  S Y S T E M  ---------------

OS: Windows 10.0 , 64 bit Build 18362 (10.0.18362.329)

CPU:total 8 (initial active 8) (4 cores per cpu, 2 threads per core) family 6 model 142 stepping 10, cmov, cx8, fxsr, mmx, sse, sse2, sse3, ssse3, sse4.1, sse4.2, popcnt, avx, avx2, aes, clmul, erms, 3dnowpref, lzcnt, ht, tsc, tscinvbit, bmi1, bmi2, adx

Memory: 4k page, physical 8251788k(294468k free), swap 15853192k(508k free)

vm_info: OpenJDK 64-Bit Server VM (25.202-b03) for windows-amd64 JRE (1.8.0_202-release-1483-b03), built by "builder" with MS VC++ 10.0 (VS2010)

time: Fri Mar 06 18:40:45 2020
timezone: 中国标准时间
elapsed time: 460 seconds (0d 0h 7m 40s)

